<?xml version="1.0" encoding="UTF-8"?>
<!-- Generated by org.testng.reporters.JUnitXMLReporter -->
<testsuite ignored="0" hostname="LAPTOP-GAUPM6CM" failures="1" tests="1" name="Regression Tests" time="14.991" errors="0" timestamp="2023-05-27T12:42:52 IST">
  <testcase classname="testscripts.regression.ValidateSearchHotelUsingDataProvider" name="ValidateSearchHotelTest" time="2.782">
    <failure type="java.lang.AssertionError" message="expected [Adactin.com - Search Hotel] but found [Adactin.com - Select Hotel]">
      <![CDATA[java.lang.AssertionError: expected [Adactin.com - Search Hotel] but found [Adactin.com - Select Hotel]
at testscripts.regression.ValidateSearchHotelUsingDataProvider.ValidateSearchHotelTest(ValidateSearchHotelUsingDataProvider.java:62)
at java.base/java.util.ArrayList.forEach(ArrayList.java:1511)
... Removed 33 stack frames]]>
    </failure>
  </testcase> <!-- ValidateSearchHotelTest -->
</testsuite> <!-- Regression Tests -->
