<?xml version="1.0" encoding="UTF-8"?>
<testng-results ignored="0" total="1" passed="0" failed="1" skipped="0">
  <reporter-output>
  </reporter-output>
  <suite started-at="2023-05-27T12:42:37 IST" name="Suite" finished-at="2023-05-27T12:42:52 IST" duration-ms="14991">
    <groups>
    </groups>
    <test started-at="2023-05-27T12:42:37 IST" name="Regression Tests" finished-at="2023-05-27T12:42:52 IST" duration-ms="14991">
      <class name="testscripts.regression.ValidateSearchHotelUsingDataProvider">
        <test-method is-config="true" signature="fileSetUp(org.testng.ITestContext)[pri:0, instance:testscripts.regression.ValidateSearchHotelUsingDataProvider@46cdf8bd]" started-at="2023-05-27T12:42:37 IST" name="fileSetUp" finished-at="2023-05-27T12:42:37 IST" duration-ms="326" status="PASS">
          <params>
            <param index="0">
              <value>
                <![CDATA[org.testng.TestRunner@19dc0d32]]>
              </value>
            </param>
          </params>
          <reporter-output>
          </reporter-output>
        </test-method> <!-- fileSetUp -->
        <test-method is-config="true" signature="setUp()[pri:0, instance:testscripts.regression.ValidateSearchHotelUsingDataProvider@46cdf8bd]" started-at="2023-05-27T12:42:38 IST" name="setUp" finished-at="2023-05-27T12:42:43 IST" duration-ms="4962" status="PASS">
          <reporter-output>
          </reporter-output>
        </test-method> <!-- setUp -->
        <test-method signature="ValidateSearchHotelTest(java.util.HashMap)[pri:0, instance:testscripts.regression.ValidateSearchHotelUsingDataProvider@46cdf8bd]" started-at="2023-05-27T12:42:43 IST" name="ValidateSearchHotelTest" data-provider="getData" finished-at="2023-05-27T12:42:46 IST" duration-ms="2782" status="FAIL">
          <params>
            <param index="0">
              <value>
                <![CDATA[{Check Out Date=25/05/2023, Adults per Room=2 - Two, Room Type=Standard, Username=reyaz0617, Number of Rooms=1 - One, Check In Date=24/05/2023, Expected Title1=Adactin.com - Search Hotel, HotelsÂ =Hotel Creek, Password=reyaz123, Location=Sydney, Expected Title2=Adactin.com - Select Hotel}]]>
              </value>
            </param>
          </params>
          <exception class="java.lang.AssertionError">
            <message>
              <![CDATA[expected [Adactin.com - Search Hotel] but found [Adactin.com - Select Hotel]]]>
            </message>
            <full-stacktrace>
              <![CDATA[java.lang.AssertionError: expected [Adactin.com - Search Hotel] but found [Adactin.com - Select Hotel]
at org.testng.Assert.fail(Assert.java:110)
at org.testng.Assert.failNotEquals(Assert.java:1577)
at org.testng.Assert.assertEqualsImpl(Assert.java:149)
at org.testng.Assert.assertEquals(Assert.java:131)
at org.testng.Assert.assertEquals(Assert.java:655)
at org.testng.Assert.assertEquals(Assert.java:665)
at testscripts.regression.ValidateSearchHotelUsingDataProvider.ValidateSearchHotelTest(ValidateSearchHotelUsingDataProvider.java:62)
at java.base/jdk.internal.reflect.NativeMethodAccessorImpl.invoke0(Native Method)
at java.base/jdk.internal.reflect.NativeMethodAccessorImpl.invoke(NativeMethodAccessorImpl.java:78)
at java.base/jdk.internal.reflect.DelegatingMethodAccessorImpl.invoke(DelegatingMethodAccessorImpl.java:43)
at java.base/java.lang.reflect.Method.invoke(Method.java:567)
at org.testng.internal.invokers.MethodInvocationHelper.invokeMethod(MethodInvocationHelper.java:139)
at org.testng.internal.invokers.TestInvoker.invokeMethod(TestInvoker.java:677)
at org.testng.internal.invokers.TestInvoker.invokeTestMethod(TestInvoker.java:221)
at org.testng.internal.invokers.MethodRunner.runInSequence(MethodRunner.java:50)
at org.testng.internal.invokers.TestInvoker$MethodInvocationAgent.invoke(TestInvoker.java:969)
at org.testng.internal.invokers.TestInvoker.invokeTestMethods(TestInvoker.java:194)
at org.testng.internal.invokers.TestMethodWorker.invokeTestMethods(TestMethodWorker.java:148)
at org.testng.internal.invokers.TestMethodWorker.run(TestMethodWorker.java:128)
at java.base/java.util.ArrayList.forEach(ArrayList.java:1511)
at org.testng.TestRunner.privateRun(TestRunner.java:829)
at org.testng.TestRunner.run(TestRunner.java:602)
at org.testng.SuiteRunner.runTest(SuiteRunner.java:437)
at org.testng.SuiteRunner.runSequentially(SuiteRunner.java:431)
at org.testng.SuiteRunner.privateRun(SuiteRunner.java:391)
at org.testng.SuiteRunner.run(SuiteRunner.java:330)
at org.testng.SuiteRunnerWorker.runSuite(SuiteRunnerWorker.java:52)
at org.testng.SuiteRunnerWorker.run(SuiteRunnerWorker.java:95)
at org.testng.TestNG.runSuitesSequentially(TestNG.java:1256)
at org.testng.TestNG.runSuitesLocally(TestNG.java:1176)
at org.testng.TestNG.runSuites(TestNG.java:1099)
at org.testng.TestNG.run(TestNG.java:1067)
at org.testng.remote.AbstractRemoteTestNG.run(AbstractRemoteTestNG.java:115)
at org.testng.remote.RemoteTestNG.initAndRun(RemoteTestNG.java:251)
at org.testng.remote.RemoteTestNG.main(RemoteTestNG.java:77)
]]>
            </full-stacktrace>
          </exception> <!-- java.lang.AssertionError -->
          <reporter-output>
          </reporter-output>
        </test-method> <!-- ValidateSearchHotelTest -->
        <test-method is-config="true" signature="teardown()[pri:0, instance:testscripts.regression.ValidateSearchHotelUsingDataProvider@46cdf8bd]" started-at="2023-05-27T12:42:46 IST" name="teardown" finished-at="2023-05-27T12:42:52 IST" duration-ms="5294" status="PASS">
          <reporter-output>
          </reporter-output>
        </test-method> <!-- teardown -->
        <test-method is-config="true" signature="exitTest(org.testng.ITestContext)[pri:0, instance:testscripts.regression.ValidateSearchHotelUsingDataProvider@46cdf8bd]" started-at="2023-05-27T12:42:52 IST" name="exitTest" finished-at="2023-05-27T12:42:52 IST" duration-ms="485" status="PASS">
          <params>
            <param index="0">
              <value>
                <![CDATA[org.testng.TestRunner@19dc0d32]]>
              </value>
            </param>
          </params>
          <reporter-output>
          </reporter-output>
        </test-method> <!-- exitTest -->
      </class> <!-- testscripts.regression.ValidateSearchHotelUsingDataProvider -->
    </test> <!-- Regression Tests -->
  </suite> <!-- Suite -->
</testng-results>
